<?xml version="1.0" encoding="UTF-8"?>
<testsuite xmlns:xsi="http://www.w3.org/2001/XMLSchema-instance" xsi:noNamespaceSchemaLocation="https://maven.apache.org/surefire/maven-surefire-plugin/xsd/surefire-test-report-3.0.xsd" version="3.0" name="com.loyalyprogram.loyaltyprogram.LoyaltyprogramApplicationTests" time="3.072" tests="1" errors="0" skipped="0" failures="0">
  <properties>
[...]
</properties>
  <testcase name="contextLoads" classname="com.loyalyprogram.loyaltyprogram.LoyaltyprogramApplicationTests" time="0.319">
    <system-out><![CDATA[19:18:35.656 [main] INFO org.springframework.test.context.support.AnnotationConfigContextLoaderUtils -- Could not detect default configuration classes for test class [com.loyalyprogram.loyaltyprogram.LoyaltyprogramApplicationTests]: LoyaltyprogramApplicationTests does not declare any static, non-private, non-final, nested classes annotated with @Configuration.
19:18:35.703 [main] INFO org.springframework.boot.test.context.SpringBootTestContextBootstrapper -- Found @SpringBootConfiguration com.loyalyprogram.loyaltyprogram.LoyaltyprogramApplication for test class com.loyalyprogram.loyaltyprogram.LoyaltyprogramApplicationTests

  .   ____          _            __ _ _
 /\\ / ___'_ __ _ _(_)_ __  __ _ \ \ \ \
( ( )\___ | '_ | '_| | '_ \/ _` | \ \ \ \
 \\/  ___)| |_)| | | | | || (_| |  ) ) ) )
  '  |____| .__|_| |_|_| |_\__, | / / / /
 =========|_|==============|___/=/_/_/_/
 :: Spring Boot ::               (v3.1.11)

2024-05-25T19:18:35.880-07:00  INFO 17864 --- [           main] c.l.l.LoyaltyprogramApplicationTests     : Starting LoyaltyprogramApplicationTests using Java 21.0.3 with PID 17864 (started by raksharaghavendra in /Users/raksharaghavendra/Desktop/Loyalty-Rewards-System)
2024-05-25T19:18:35.881-07:00  INFO 17864 --- [           main] c.l.l.LoyaltyprogramApplicationTests     : No active profile set, falling back to 1 default profile: "default"
2024-05-25T19:18:36.182-07:00  INFO 17864 --- [           main] .s.d.r.c.RepositoryConfigurationDelegate : Bootstrapping Spring Data JPA repositories in DEFAULT mode.
2024-05-25T19:18:36.215-07:00  INFO 17864 --- [           main] .s.d.r.c.RepositoryConfigurationDelegate : Finished Spring Data repository scanning in 29 ms. Found 5 JPA repository interfaces.
2024-05-25T19:18:36.451-07:00  INFO 17864 --- [           main] o.hibernate.jpa.internal.util.LogHelper  : HHH000204: Processing PersistenceUnitInfo [name: default]
2024-05-25T19:18:36.481-07:00  INFO 17864 --- [           main] org.hibernate.Version                    : HHH000412: Hibernate ORM core version 6.2.24.Final
2024-05-25T19:18:36.483-07:00  INFO 17864 --- [           main] org.hibernate.cfg.Environment            : HHH000406: Using bytecode reflection optimizer
2024-05-25T19:18:36.648-07:00  INFO 17864 --- [           main] o.s.o.j.p.SpringPersistenceUnitInfo      : No LoadTimeWeaver setup: ignoring JPA class transformer
2024-05-25T19:18:36.662-07:00  INFO 17864 --- [           main] com.zaxxer.hikari.HikariDataSource       : HikariPool-1 - Starting...
2024-05-25T19:18:36.975-07:00  INFO 17864 --- [           main] com.zaxxer.hikari.pool.HikariPool        : HikariPool-1 - Added connection com.mysql.cj.jdbc.ConnectionImpl@568f4faa
2024-05-25T19:18:36.976-07:00  INFO 17864 --- [           main] com.zaxxer.hikari.HikariDataSource       : HikariPool-1 - Start completed.
2024-05-25T19:18:37.522-07:00  INFO 17864 --- [           main] o.h.e.t.j.p.i.JtaPlatformInitiator       : HHH000489: No JTA platform available (set 'hibernate.transaction.jta.platform' to enable JTA platform integration)
2024-05-25T19:18:37.805-07:00  INFO 17864 --- [           main] j.LocalContainerEntityManagerFactoryBean : Initialized JPA EntityManagerFactory for persistence unit 'default'
2024-05-25T19:18:37.935-07:00  INFO 17864 --- [           main] o.s.d.j.r.query.QueryEnhancerFactory     : Hibernate is in classpath; If applicable, HQL parser will be used.
2024-05-25T19:18:38.126-07:00  WARN 17864 --- [           main] JpaBaseConfiguration$JpaWebConfiguration : spring.jpa.open-in-view is enabled by default. Therefore, database queries may be performed during view rendering. Explicitly configure spring.jpa.open-in-view to disable this warning
2024-05-25T19:18:38.304-07:00  INFO 17864 --- [           main] c.l.l.LoyaltyprogramApplicationTests     : Started LoyaltyprogramApplicationTests in 2.534 seconds (process running for 2.991)
]]></system-out>
    <system-err><![CDATA[WARNING: A Java agent has been loaded dynamically (/Users/raksharaghavendra/.m2/repository/net/bytebuddy/byte-buddy-agent/1.14.13/byte-buddy-agent-1.14.13.jar)
WARNING: If a serviceability tool is in use, please run with -XX:+EnableDynamicAgentLoading to hide this warning
WARNING: If a serviceability tool is not in use, please run with -Djdk.instrument.traceUsage for more information
WARNING: Dynamic loading of agents will be disallowed by default in a future release
]]></system-err>
  </testcase>
</testsuite>